{"error":"Failed to create session: TypeError: fetch failed","level":"error","message":"Failed to create chat session","service":"bolt-ai-chatbot","timestamp":"2025-09-26T02:36:34.059Z"}
{"error":"Failed to create session: TypeError: fetch failed","level":"error","message":"Failed to create chat session","service":"bolt-ai-chatbot","timestamp":"2025-09-26T02:36:34.065Z"}
{"error":"Failed to count sessions: TypeError: fetch failed","level":"error","message":"Failed to get dashboard stats","service":"bolt-ai-chatbot","timestamp":"2025-09-26T02:36:52.691Z"}
{"error":"Failed to count sessions: TypeError: fetch failed","level":"error","message":"Failed to get dashboard stats","service":"bolt-ai-chatbot","timestamp":"2025-09-26T02:36:52.695Z"}
{"error":"Failed to fetch sessions: TypeError: fetch failed","level":"error","message":"Failed to get dashboard sessions","service":"bolt-ai-chatbot","timestamp":"2025-09-26T02:36:53.135Z"}
{"error":"Failed to fetch sessions: TypeError: fetch failed","level":"error","message":"Failed to get dashboard sessions","service":"bolt-ai-chatbot","timestamp":"2025-09-26T02:36:53.138Z"}
{"error":"Failed to create session: Could not find the table 'public.chat_sessions' in the schema cache","level":"error","message":"Failed to create chat session","service":"bolt-ai-chatbot","timestamp":"2025-09-26T16:49:41.108Z"}
{"error":"Failed to create session: Could not find the table 'public.chat_sessions' in the schema cache","level":"error","message":"Failed to create chat session","service":"bolt-ai-chatbot","timestamp":"2025-09-26T16:49:41.112Z"}
{"error":"Unknown error","level":"error","message":"Failed to seed analytics data","service":"bolt-ai-chatbot","timestamp":"2025-09-26T16:50:05.722Z"}
{"error":"Failed to create session: Could not find the table 'public.chat_sessions' in the schema cache","level":"error","message":"Failed to create chat session","service":"bolt-ai-chatbot","timestamp":"2025-09-26T16:50:11.653Z"}
{"error":"Failed to create session: Could not find the table 'public.chat_sessions' in the schema cache","level":"error","message":"Failed to create chat session","service":"bolt-ai-chatbot","timestamp":"2025-09-26T16:50:11.678Z"}
{"error":"Failed to create session: Could not find the table 'public.chat_sessions' in the schema cache","level":"error","message":"Failed to create chat session","service":"bolt-ai-chatbot","timestamp":"2025-09-26T16:50:11.693Z"}
{"error":"Failed to create session: Could not find the table 'public.chat_sessions' in the schema cache","level":"error","message":"Failed to create chat session","service":"bolt-ai-chatbot","timestamp":"2025-09-26T16:50:11.695Z"}
{"error":"Failed to create session: Could not find the table 'public.chat_sessions' in the schema cache","level":"error","message":"Failed to create chat session","service":"bolt-ai-chatbot","timestamp":"2025-09-26T17:02:34.694Z"}
{"error":"Failed to create session: Could not find the table 'public.chat_sessions' in the schema cache","level":"error","message":"Failed to create chat session","service":"bolt-ai-chatbot","timestamp":"2025-09-26T17:02:34.697Z"}
{"error":"Failed to create session: Could not find the table 'public.chat_sessions' in the schema cache","level":"error","message":"Failed to create chat session","service":"bolt-ai-chatbot","timestamp":"2025-09-26T17:04:25.261Z"}
{"error":"Failed to create session: Could not find the table 'public.chat_sessions' in the schema cache","level":"error","message":"Failed to create chat session","service":"bolt-ai-chatbot","timestamp":"2025-09-26T17:04:25.264Z"}
{"error":"Unknown error","level":"error","message":"Failed to seed analytics data","service":"bolt-ai-chatbot","timestamp":"2025-09-26T17:06:31.849Z"}
{"error":"Failed to create session: Could not find the table 'public.chat_sessions' in the schema cache","level":"error","message":"Failed to create chat session","service":"bolt-ai-chatbot","timestamp":"2025-09-26T17:25:52.779Z"}
{"error":"Failed to create session: Could not find the table 'public.chat_sessions' in the schema cache","level":"error","message":"Failed to create chat session","service":"bolt-ai-chatbot","timestamp":"2025-09-26T17:25:52.781Z"}
{"error":"Failed to create session: Could not find the table 'public.chat_sessions' in the schema cache","level":"error","message":"Failed to create chat session","service":"bolt-ai-chatbot","timestamp":"2025-09-26T17:25:52.782Z"}
{"error":"Failed to create session: Could not find the table 'public.chat_sessions' in the schema cache","level":"error","message":"Failed to create chat session","service":"bolt-ai-chatbot","timestamp":"2025-09-26T17:25:52.785Z"}
{"error":"Failed to create session: Could not find the table 'public.chat_sessions' in the schema cache","level":"error","message":"Failed to create chat session","service":"bolt-ai-chatbot","timestamp":"2025-09-26T17:26:09.246Z"}
{"error":"Failed to create session: Could not find the table 'public.chat_sessions' in the schema cache","level":"error","message":"Failed to create chat session","service":"bolt-ai-chatbot","timestamp":"2025-09-26T17:26:09.249Z"}
{"error":"Failed to create session: Could not find the table 'public.chat_sessions' in the schema cache","level":"error","message":"Failed to create chat session","service":"bolt-ai-chatbot","timestamp":"2025-09-26T17:27:11.333Z"}
{"error":"Failed to create session: Could not find the table 'public.chat_sessions' in the schema cache","level":"error","message":"Failed to create chat session","service":"bolt-ai-chatbot","timestamp":"2025-09-26T17:27:11.335Z"}
{"error":"Failed to create session: Could not find the 'tenant_id' column of 'chat_sessions' in the schema cache","level":"error","message":"Failed to create chat session","service":"bolt-ai-chatbot","timestamp":"2025-09-26T17:28:07.455Z"}
{"error":"Failed to create session: Could not find the 'tenant_id' column of 'chat_sessions' in the schema cache","level":"error","message":"Failed to create chat session","service":"bolt-ai-chatbot","timestamp":"2025-09-26T17:28:07.458Z"}
{"error":"Failed to create session: Could not find the 'tenant_id' column of 'chat_sessions' in the schema cache","level":"error","message":"Failed to create chat session","service":"bolt-ai-chatbot","timestamp":"2025-09-26T17:28:07.460Z"}
{"error":"Failed to create session: Could not find the 'tenant_id' column of 'chat_sessions' in the schema cache","level":"error","message":"Failed to create chat session","service":"bolt-ai-chatbot","timestamp":"2025-09-26T17:28:07.461Z"}
